<?xml version="1.0" encoding="utf-8"?><testsuites name="pytest tests"><testsuite name="pytest" errors="0" failures="0" skipped="0" tests="24" time="0.059" timestamp="2026-02-15T12:44:50.893018+00:00" hostname="codespaces-6baf3c"><testcase classname="Telemetry.tests.test_events" name="test_event_init_fields" time="0.001" /><testcase classname="Telemetry.tests.test_events" name="test_event_id_unique" time="0.000" /><testcase classname="Telemetry.tests.test_events" name="test_timestamp_autoset" time="0.000" /><testcase classname="Telemetry.tests.test_events" name="test_default_payload" time="0.000" /><testcase classname="Telemetry.tests.test_events" name="test_default_data_quality_flags" time="0.000" /><testcase classname="Telemetry.tests.test_events" name="test_mutable_defaults_independent" time="0.000" /><testcase classname="Telemetry.tests.test_events" name="test_event_type_wrong_type" time="0.000" /><testcase classname="Telemetry.tests.test_events" name="test_stage_id_wrong_type" time="0.000" /><testcase classname="Telemetry.tests.test_events" name="test_payload_wrong_type" time="0.000" /><testcase classname="Telemetry.tests.test_funnel" name="test_win_sessions_funnel" time="0.000" /><testcase classname="Telemetry.tests.test_funnel" name="test_fail_sessions_funnel" time="0.000" /><testcase classname="Telemetry.tests.test_storage" name="test_write_event_creates_and_writes_csv" time="0.002" /><testcase classname="Telemetry.tests.test_validation" name="test_valid_event" time="0.000" /><testcase classname="Telemetry.tests.test_validation" name="test_invalid_event_type" time="0.000" /><testcase classname="Telemetry.tests.test_validation" name="test_negative_stage_id" time="0.000" /><testcase classname="Telemetry.tests.test_validation" name="test_negative_damage" time="0.000" /><testcase classname="Telemetry.tests.test_validation" name="test_instant_completion_flag" time="0.000" /><testcase classname="Telemetry.tests.test_validation" name="test_excessive_retries_flag" time="0.000" /><testcase classname="Telemetry.tests.test_validation" name="test_no_anomalies" time="0.000" /><testcase classname="dashboard.test.test_analytics" name="test_compute_win_and_fail" time="0.001" /><testcase classname="dashboard.test.test_analytics" name="test_compute_all_win" time="0.000" /><testcase classname="dashboard.test.test_analytics" name="test_compute_no_start" time="0.000" /><testcase classname="dashboard.test.test_analytics" name="test_stage_failures_mult_stages" time="0.000" /><testcase classname="dashboard.test.test_analytics" name="test_stage_no_failures" time="0.000" /></testsuite></testsuites>